2020-06-01 09:41:13,655::INFO::Read config.ini file::
2020-06-01 09:41:14,151::INFO::Read data from mysql::
2020-06-01 09:41:14,444::INFO::Data Prepared for Training::
2020-06-01 09:43:32,650::INFO::Data pre-processed and model Trained::
2020-06-01 09:43:32,834::INFO::Saved Pipeline(steps=[('preprocessor',
                 ColumnTransformer(transformers=[('num',
                                                  Pipeline(steps=[('imputer',
                                                                   SimpleImputer()),
                                                                  ('scaler',
                                                                   StandardScaler())]),
                                                  ['age', 'duration',
                                                   'compaign', 'pdays',
                                                   'previous', 'emp_var_rate',
                                                   'cons_price_idx',
                                                   'cons_conf_idx', 'euribor3m',
                                                   'nr_employees']),
                                                 ('cat',
                                                  Pipeline(steps=[('imputer',
                                                                   SimpleImputer(strategy='most_frequent')),
                                                                  ('onehot',
                                                                   OneHotEncoder(handle_unknown='ignore'))]),
                                                  ['job', 'marital', 'eduation',
                                                   'credit_default', 'housing',
                                                   'loan', 'contact',
                                                   'contacted_month',
                                                   'day_of_week',
                                                   'poutcome'])])),
                ('classifier',
                 SVC(C=90, class_weight='balanced', gamma=0.008))]) pipeline to /AppPython/pickle/model.pkl file::
2021-05-12 10:29:37,633::INFO::Read config.ini file::
2021-05-12 10:29:38,674::INFO::Read data from mysql::
2021-05-12 10:29:39,241::INFO::Data Prepared for Training::
2021-05-12 10:32:30,266::INFO::Data pre-processed and model Trained::
2021-05-12 10:32:30,465::INFO::Saved Pipeline(steps=[('preprocessor',
                 ColumnTransformer(transformers=[('num',
                                                  Pipeline(steps=[('imputer',
                                                                   SimpleImputer()),
                                                                  ('scaler',
                                                                   StandardScaler())]),
                                                  ['age', 'duration',
                                                   'compaign', 'pdays',
                                                   'previous', 'emp_var_rate',
                                                   'cons_price_idx',
                                                   'cons_conf_idx', 'euribor3m',
                                                   'nr_employees']),
                                                 ('cat',
                                                  Pipeline(steps=[('imputer',
                                                                   SimpleImputer(strategy='most_frequent')),
                                                                  ('onehot',
                                                                   OneHotEncoder(handle_unknown='ignore'))]),
                                                  ['job', 'marital', 'eduation',
                                                   'credit_default', 'housing',
                                                   'loan', 'contact',
                                                   'contacted_month',
                                                   'day_of_week',
                                                   'poutcome'])])),
                ('classifier',
                 SVC(C=90, class_weight='balanced', gamma=0.008))]) pipeline to /AppPython/pickle/model.pkl file::
2021-05-12 14:19:53,683::INFO::Read config.ini file::
2021-05-12 14:19:54,971::INFO::Read data from mysql::
2021-05-12 14:19:55,613::INFO::Data Prepared for Training::
2021-05-12 14:22:43,695::INFO::Data pre-processed and model Trained::
2021-05-12 14:22:43,796::INFO::Saved Pipeline(steps=[('preprocessor',
                 ColumnTransformer(transformers=[('num',
                                                  Pipeline(steps=[('imputer',
                                                                   SimpleImputer()),
                                                                  ('scaler',
                                                                   StandardScaler())]),
                                                  ['age', 'duration',
                                                   'compaign', 'pdays',
                                                   'previous', 'emp_var_rate',
                                                   'cons_price_idx',
                                                   'cons_conf_idx', 'euribor3m',
                                                   'nr_employees']),
                                                 ('cat',
                                                  Pipeline(steps=[('imputer',
                                                                   SimpleImputer(strategy='most_frequent')),
                                                                  ('onehot',
                                                                   OneHotEncoder(handle_unknown='ignore'))]),
                                                  ['job', 'marital', 'eduation',
                                                   'credit_default', 'housing',
                                                   'loan', 'contact',
                                                   'contacted_month',
                                                   'day_of_week',
                                                   'poutcome'])])),
                ('classifier',
                 SVC(C=90, class_weight='balanced', gamma=0.008))]) pipeline to /AppPython/pickle/model.pkl file::
2021-09-19 09:20:37,872::INFO::Read config.ini file::
2021-09-19 09:20:38,705::INFO::Read data from mysql::
2021-09-19 09:20:38,991::INFO::Data Prepared for Training::
2021-09-19 09:22:09,901::INFO::Data pre-processed and model Trained::
2021-09-19 09:22:09,988::INFO::Saved Pipeline(steps=[('preprocessor',
                 ColumnTransformer(transformers=[('num',
                                                  Pipeline(steps=[('imputer',
                                                                   SimpleImputer()),
                                                                  ('scaler',
                                                                   StandardScaler())]),
                                                  ['age', 'duration',
                                                   'compaign', 'pdays',
                                                   'previous', 'emp_var_rate',
                                                   'cons_price_idx',
                                                   'cons_conf_idx', 'euribor3m',
                                                   'nr_employees']),
                                                 ('cat',
                                                  Pipeline(steps=[('imputer',
                                                                   SimpleImputer(strategy='most_frequent')),
                                                                  ('onehot',
                                                                   OneHotEncoder(handle_unknown='ignore'))]),
                                                  ['job', 'marital', 'eduation',
                                                   'credit_default', 'housing',
                                                   'loan', 'contact',
                                                   'contacted_month',
                                                   'day_of_week',
                                                   'poutcome'])])),
                ('classifier',
                 SVC(C=90, class_weight='balanced', gamma=0.008))]) pipeline to /AppPython/pickle/model.pkl file::
